SUICIDAL-IDOL - ecstacy (slowed)
SUICIDAL-IDOL - ecstacy (slowed)
Sunday Suspense Classics  Sharadindu Bandyopadhyay  Chua Chandan  Mirchi Bangla
  
Nightcore  Sweater Weather Female Version
 Uchiage Hanabi  DAOKO ft Kenshi Yonezu  Shania Yan Cover
This is my favorite song of the week
Its Not Like I Like You 
Christina Perri  A Thousand Years Official Music Video
STAY  JP ver
Kagamine Rin  Girl A  A  English Sub
i wrote a love song with my wife 
  
Maroon 5  Payphone ft Wiz Khalifa Explicit Official Music Video
Seven - Jung Kook (정국) | Shania Yan Cover
Seven - Jung Kook (정국) | Shania Yan Cover
Seven  Jung Kook   Shania Yan Cover
Sunday Suspense  Ashwaththa  Abhijnan Roychowdhury  Mirchi Bangla
    mhstation  Sayak Aman  Horror Thriller  Rajeswari Sur
      mhstation  Sayak Aman  Horror Romance Thriller
Sunday Suspense  Maya Kanan  Manoj Sen  Mirchi Bangla
Sunday Suspense  Full Episode  Arjun  Jutoy Rokter Daag  Samaresh Majumdar  Mirchi Bangla
Sunday Suspense Full Episode   Taranath  Brojobhushaner Biswasprapti   Taradas Bandopadhyay
Sunday Suspense Full Episode  Hetamgarer Guptodhon  Shirshendu Mukhopadhyay  Mirchi Bangla
Sunday Suspense  Charlie  Ranadip Nandy  Mirchi Bangla
Sunday Suspense Classics  Baroda  Akashbani  Maalkosh  Sabuj Chashma  Mirchi Bangla
Sunday Suspense  Byomkesh  Banhi Patanga  Saradindu Bandopadhyay  Mirchi Bangla
Sunday Suspense  Ben Hur  Complete Saga  Lew Wallace  Mirchi Bangla
       mhstation  Sayak Aman  Tribal Horror Thriller  Mohor
      mhstation  Sayak Aman  Arnabi Saha Ghosh  Horror Thriller
    mhstation  Sayak Aman  Abhishek Chowdhury  Horror Thriller
    mhstation  Sayak Aman  Suman Dutta Gogol  Horror Thriller
